2023-05-22 20:05:44 INFO  ManageBrowser :28 - Opening browser Chrome 
2023-05-22 20:05:253 INFO  HomePage :21 - Click on [[ChromeDriver: chrome on WINDOWS (a5fa49498bf0ecaa2e7bbfb1499461d0)] -> xpath: //button[contains(text(),'Bank Manager Login')]]
2023-05-22 20:05:308 INFO  BankManagerLoginPage :31 - Click on [[ChromeDriver: chrome on WINDOWS (a5fa49498bf0ecaa2e7bbfb1499461d0)] -> xpath: //body/div[3]/div[1]/div[2]/div[1]/div[1]/button[1]]
2023-05-22 20:05:808 INFO  AddCustomerPage :32 - Send text [[ChromeDriver: chrome on WINDOWS (a5fa49498bf0ecaa2e7bbfb1499461d0)] -> xpath: //body/div[3]/div[1]/div[2]/div[1]/div[2]/div[1]/div[1]/form[1]/div[1]/input[1]]
2023-05-22 20:05:61 INFO  AddCustomerPage :36 - Send text [[ChromeDriver: chrome on WINDOWS (a5fa49498bf0ecaa2e7bbfb1499461d0)] -> xpath: //body/div[3]/div[1]/div[2]/div[1]/div[2]/div[1]/div[1]/form[1]/div[2]/input[1]]
2023-05-22 20:05:277 INFO  AddCustomerPage :40 - Send text E13DS
2023-05-22 20:05:375 INFO  AddCustomerPage :44 - Click on [[ChromeDriver: chrome on WINDOWS (a5fa49498bf0ecaa2e7bbfb1499461d0)] -> xpath: //button[@type='submit']]
2023-05-22 20:05:399 INFO  AddCustomerPage :48 - Accept alert
2023-05-22 20:05:571 INFO  AccountPage :33 - Get text Proxy element for: DefaultElementLocator 'By.xpath: //span[@class='error ng-binding']'
2023-05-22 20:05:608 INFO  ManageBrowser :28 - Opening browser Chrome 
2023-05-22 20:05:859 INFO  HomePage :21 - Click on [[ChromeDriver: chrome on WINDOWS (f53c95afb6e5c55e8259703429c30b93)] -> xpath: //button[contains(text(),'Bank Manager Login')]]
2023-05-22 20:05:724 INFO  BankManagerLoginPage :31 - Click on [[ChromeDriver: chrome on WINDOWS (f53c95afb6e5c55e8259703429c30b93)] -> xpath: //body/div[3]/div[1]/div[2]/div[1]/div[1]/button[1]]
2023-05-22 20:05:32 INFO  AddCustomerPage :32 - Send text [[ChromeDriver: chrome on WINDOWS (f53c95afb6e5c55e8259703429c30b93)] -> xpath: //body/div[3]/div[1]/div[2]/div[1]/div[2]/div[1]/div[1]/form[1]/div[1]/input[1]]
2023-05-22 20:05:138 INFO  AddCustomerPage :36 - Send text [[ChromeDriver: chrome on WINDOWS (f53c95afb6e5c55e8259703429c30b93)] -> xpath: //body/div[3]/div[1]/div[2]/div[1]/div[2]/div[1]/div[1]/form[1]/div[2]/input[1]]
2023-05-22 20:05:258 INFO  AddCustomerPage :40 - Send text E13DS
2023-05-22 20:05:341 INFO  AddCustomerPage :44 - Click on [[ChromeDriver: chrome on WINDOWS (f53c95afb6e5c55e8259703429c30b93)] -> xpath: //button[@type='submit']]
2023-05-22 20:05:407 INFO  AddCustomerPage :48 - Accept alert
2023-05-22 20:05:520 INFO  AccountPage :33 - Get text Proxy element for: DefaultElementLocator 'By.xpath: //span[@class='error ng-binding']'
2023-05-22 20:05:860 INFO  ManageBrowser :28 - Opening browser Chrome 
2023-05-22 20:05:634 INFO  HomePage :21 - Click on [[ChromeDriver: chrome on WINDOWS (379e02226eecde86be944df48093d3f7)] -> xpath: //button[contains(text(),'Bank Manager Login')]]
2023-05-22 20:05:248 INFO  BankManagerLoginPage :31 - Click on [[ChromeDriver: chrome on WINDOWS (379e02226eecde86be944df48093d3f7)] -> xpath: //body/div[3]/div[1]/div[2]/div[1]/div[1]/button[1]]
2023-05-22 20:05:563 INFO  AddCustomerPage :32 - Send text [[ChromeDriver: chrome on WINDOWS (379e02226eecde86be944df48093d3f7)] -> xpath: //body/div[3]/div[1]/div[2]/div[1]/div[2]/div[1]/div[1]/form[1]/div[1]/input[1]]
2023-05-22 20:05:666 INFO  AddCustomerPage :36 - Send text [[ChromeDriver: chrome on WINDOWS (379e02226eecde86be944df48093d3f7)] -> xpath: //body/div[3]/div[1]/div[2]/div[1]/div[2]/div[1]/div[1]/form[1]/div[2]/input[1]]
2023-05-22 20:05:801 INFO  AddCustomerPage :40 - Send text E13DS
2023-05-22 20:05:883 INFO  AddCustomerPage :44 - Click on [[ChromeDriver: chrome on WINDOWS (379e02226eecde86be944df48093d3f7)] -> xpath: //button[@type='submit']]
2023-05-22 20:05:902 INFO  AddCustomerPage :48 - Accept alert
2023-05-22 20:05:921 INFO  HomePage :24 - Click on 
2023-05-22 20:05:171 INFO  ManageBrowser :28 - Opening browser Chrome 
2023-05-22 20:05:255 INFO  HomePage :21 - Click on [[ChromeDriver: chrome on WINDOWS (a275201770808bafa7f1b43471a1a09c)] -> xpath: //button[contains(text(),'Bank Manager Login')]]
2023-05-22 20:05:830 INFO  BankManagerLoginPage :31 - Click on [[ChromeDriver: chrome on WINDOWS (a275201770808bafa7f1b43471a1a09c)] -> xpath: //body/div[3]/div[1]/div[2]/div[1]/div[1]/button[1]]
2023-05-22 20:05:144 INFO  AddCustomerPage :32 - Send text [[ChromeDriver: chrome on WINDOWS (a275201770808bafa7f1b43471a1a09c)] -> xpath: //body/div[3]/div[1]/div[2]/div[1]/div[2]/div[1]/div[1]/form[1]/div[1]/input[1]]
2023-05-22 20:05:253 INFO  AddCustomerPage :36 - Send text [[ChromeDriver: chrome on WINDOWS (a275201770808bafa7f1b43471a1a09c)] -> xpath: //body/div[3]/div[1]/div[2]/div[1]/div[2]/div[1]/div[1]/form[1]/div[2]/input[1]]
2023-05-22 20:05:358 INFO  AddCustomerPage :40 - Send text E13DS
2023-05-22 20:05:465 INFO  AddCustomerPage :44 - Click on [[ChromeDriver: chrome on WINDOWS (a275201770808bafa7f1b43471a1a09c)] -> xpath: //button[@type='submit']]
2023-05-22 20:05:492 INFO  AddCustomerPage :48 - Accept alert
2023-05-22 20:05:05 INFO  HomePage :24 - Click on 
2023-05-22 20:05:766 INFO  ManageBrowser :28 - Opening browser Chrome 
2023-05-22 20:05:903 INFO  HomePage :21 - Click on [[ChromeDriver: chrome on WINDOWS (37e9ae57fb8a28ccf70c0ba239e7b279)] -> xpath: //button[contains(text(),'Bank Manager Login')]]
2023-05-22 20:05:604 INFO  BankManagerLoginPage :31 - Click on [[ChromeDriver: chrome on WINDOWS (37e9ae57fb8a28ccf70c0ba239e7b279)] -> xpath: //body/div[3]/div[1]/div[2]/div[1]/div[1]/button[1]]
2023-05-22 20:05:877 INFO  AddCustomerPage :32 - Send text [[ChromeDriver: chrome on WINDOWS (37e9ae57fb8a28ccf70c0ba239e7b279)] -> xpath: //body/div[3]/div[1]/div[2]/div[1]/div[2]/div[1]/div[1]/form[1]/div[1]/input[1]]
2023-05-22 20:05:976 INFO  AddCustomerPage :36 - Send text [[ChromeDriver: chrome on WINDOWS (37e9ae57fb8a28ccf70c0ba239e7b279)] -> xpath: //body/div[3]/div[1]/div[2]/div[1]/div[2]/div[1]/div[1]/form[1]/div[2]/input[1]]
2023-05-22 20:05:111 INFO  AddCustomerPage :40 - Send text E13DS
2023-05-22 20:05:194 INFO  AddCustomerPage :44 - Click on [[ChromeDriver: chrome on WINDOWS (37e9ae57fb8a28ccf70c0ba239e7b279)] -> xpath: //button[@type='submit']]
2023-05-22 20:05:226 INFO  AddCustomerPage :48 - Accept alert
2023-05-22 20:05:744 INFO  HomePage :24 - Click on 
2023-05-22 20:05:188 INFO  ManageBrowser :28 - Opening browser Chrome 
2023-05-22 20:05:461 INFO  HomePage :21 - Click on [[ChromeDriver: chrome on WINDOWS (9b5db6936637a2619a2e5f83bbed76bb)] -> xpath: //button[contains(text(),'Bank Manager Login')]]
2023-05-22 20:05:00 INFO  BankManagerLoginPage :31 - Click on [[ChromeDriver: chrome on WINDOWS (9b5db6936637a2619a2e5f83bbed76bb)] -> xpath: //body/div[3]/div[1]/div[2]/div[1]/div[1]/button[1]]
2023-05-22 20:05:315 INFO  AddCustomerPage :32 - Send text [[ChromeDriver: chrome on WINDOWS (9b5db6936637a2619a2e5f83bbed76bb)] -> xpath: //body/div[3]/div[1]/div[2]/div[1]/div[2]/div[1]/div[1]/form[1]/div[1]/input[1]]
2023-05-22 20:05:417 INFO  AddCustomerPage :36 - Send text [[ChromeDriver: chrome on WINDOWS (9b5db6936637a2619a2e5f83bbed76bb)] -> xpath: //body/div[3]/div[1]/div[2]/div[1]/div[2]/div[1]/div[1]/form[1]/div[2]/input[1]]
2023-05-22 20:05:550 INFO  AddCustomerPage :40 - Send text E13DS
2023-05-22 20:05:632 INFO  AddCustomerPage :44 - Click on [[ChromeDriver: chrome on WINDOWS (9b5db6936637a2619a2e5f83bbed76bb)] -> xpath: //button[@type='submit']]
2023-05-22 20:05:651 INFO  AddCustomerPage :48 - Accept alert
2023-05-22 20:05:671 INFO  HomePage :24 - Click on 
2023-05-22 20:05:994 INFO  ManageBrowser :28 - Opening browser Chrome 
2023-05-22 20:05:425 INFO  HomePage :21 - Click on [[ChromeDriver: chrome on WINDOWS (6c6c6aacb201a35b2b01f0ca952783e9)] -> xpath: //button[contains(text(),'Bank Manager Login')]]
2023-05-22 20:05:966 INFO  BankManagerLoginPage :31 - Click on [[ChromeDriver: chrome on WINDOWS (6c6c6aacb201a35b2b01f0ca952783e9)] -> xpath: //body/div[3]/div[1]/div[2]/div[1]/div[1]/button[1]]
2023-05-22 20:05:314 INFO  AddCustomerPage :32 - Send text [[ChromeDriver: chrome on WINDOWS (6c6c6aacb201a35b2b01f0ca952783e9)] -> xpath: //body/div[3]/div[1]/div[2]/div[1]/div[2]/div[1]/div[1]/form[1]/div[1]/input[1]]
2023-05-22 20:05:415 INFO  AddCustomerPage :36 - Send text [[ChromeDriver: chrome on WINDOWS (6c6c6aacb201a35b2b01f0ca952783e9)] -> xpath: //body/div[3]/div[1]/div[2]/div[1]/div[2]/div[1]/div[1]/form[1]/div[2]/input[1]]
2023-05-22 20:05:534 INFO  AddCustomerPage :40 - Send text E13DS
2023-05-22 20:05:617 INFO  AddCustomerPage :44 - Click on [[ChromeDriver: chrome on WINDOWS (6c6c6aacb201a35b2b01f0ca952783e9)] -> xpath: //button[@type='submit']]
2023-05-22 20:05:640 INFO  AddCustomerPage :48 - Accept alert
2023-05-22 20:05:198 INFO  ManageBrowser :28 - Opening browser Chrome 
2023-05-22 20:05:267 INFO  HomePage :21 - Click on [[ChromeDriver: chrome on WINDOWS (8a3fc5f697f09eff096d2dec05662b59)] -> xpath: //button[contains(text(),'Bank Manager Login')]]
2023-05-22 20:05:520 INFO  BankManagerLoginPage :35 - Click on [[ChromeDriver: chrome on WINDOWS (8a3fc5f697f09eff096d2dec05662b59)] -> xpath: //button[normalize-space()='Open Account']]
2023-05-22 22:05:380 INFO  ManageBrowser :28 - Opening browser Chrome 
2023-05-22 22:05:47 INFO  HomePage :21 - Click on [[ChromeDriver: chrome on WINDOWS (0d1b2ffbf42173a6583d14e6295a9478)] -> xpath: //button[contains(text(),'Bank Manager Login')]]
2023-05-22 22:05:593 INFO  BankManagerLoginPage :31 - Click on [[ChromeDriver: chrome on WINDOWS (0d1b2ffbf42173a6583d14e6295a9478)] -> xpath: //body/div[3]/div[1]/div[2]/div[1]/div[1]/button[1]]
2023-05-22 22:05:10 INFO  AddCustomerPage :32 - Send text [[ChromeDriver: chrome on WINDOWS (0d1b2ffbf42173a6583d14e6295a9478)] -> xpath: //body/div[3]/div[1]/div[2]/div[1]/div[2]/div[1]/div[1]/form[1]/div[1]/input[1]]
2023-05-22 22:05:277 INFO  AddCustomerPage :36 - Send text [[ChromeDriver: chrome on WINDOWS (0d1b2ffbf42173a6583d14e6295a9478)] -> xpath: //body/div[3]/div[1]/div[2]/div[1]/div[2]/div[1]/div[1]/form[1]/div[2]/input[1]]
2023-05-22 22:05:454 INFO  AddCustomerPage :40 - Send text E13DS
2023-05-22 22:05:596 INFO  AddCustomerPage :44 - Click on [[ChromeDriver: chrome on WINDOWS (0d1b2ffbf42173a6583d14e6295a9478)] -> xpath: //button[@type='submit']]
2023-05-22 22:05:640 INFO  AddCustomerPage :48 - Accept alert
2023-05-22 22:05:884 INFO  ManageBrowser :28 - Opening browser Chrome 
2023-05-22 22:05:134 INFO  HomePage :21 - Click on [[ChromeDriver: chrome on WINDOWS (8823d103c1707aee793b77fc61932528)] -> xpath: //button[contains(text(),'Bank Manager Login')]]
2023-05-22 22:05:505 INFO  BankManagerLoginPage :35 - Click on [[ChromeDriver: chrome on WINDOWS (8823d103c1707aee793b77fc61932528)] -> xpath: //button[normalize-space()='Open Account']]
2023-05-22 22:05:81 INFO  OpenAccountPage :27 - Select [[ChromeDriver: chrome on WINDOWS (8823d103c1707aee793b77fc61932528)] -> xpath: //select[@id='userSelect']]
2023-05-22 22:05:257 INFO  OpenAccountPage :31 - Select [[ChromeDriver: chrome on WINDOWS (8823d103c1707aee793b77fc61932528)] -> xpath: //select[@id='currency']]
2023-05-22 22:05:375 INFO  OpenAccountPage :35 - Click on [[ChromeDriver: chrome on WINDOWS (8823d103c1707aee793b77fc61932528)] -> xpath: //button[@type='submit']]
2023-05-22 22:05:485 INFO  ManageBrowser :28 - Opening browser Chrome 
2023-05-22 22:05:596 INFO  BankManagerLoginPage :39 - Click on [[ChromeDriver: chrome on WINDOWS (2e1d696d857737f74db9462ab2ce4c4d)] -> xpath: //button[normalize-space()='Customer Login']]
2023-05-22 22:05:216 INFO  CustomerLoginPage :27 - Select [[ChromeDriver: chrome on WINDOWS (2e1d696d857737f74db9462ab2ce4c4d)] -> xpath: //select[@id='userSelect']]
2023-05-22 22:05:339 INFO  CustomerLoginPage :31 - Click on [[ChromeDriver: chrome on WINDOWS (2e1d696d857737f74db9462ab2ce4c4d)] -> xpath: //button[@type='submit']]
2023-05-22 22:05:346 INFO  CustomersPage :35 - Logout button displayed
2023-05-22 22:05:695 INFO  CustomersPage :45 - Click on [[ChromeDriver: chrome on WINDOWS (2e1d696d857737f74db9462ab2ce4c4d)] -> xpath: //button[@class='btn logout']]
2023-05-22 22:05:726 INFO  CustomerLoginPage :34 - Get text [[ChromeDriver: chrome on WINDOWS (2e1d696d857737f74db9462ab2ce4c4d)] -> xpath: //label[normalize-space()='Your Name :']]
2023-05-22 22:05:156 INFO  ManageBrowser :28 - Opening browser Chrome 
2023-05-22 22:05:324 INFO  BankManagerLoginPage :39 - Click on [[ChromeDriver: chrome on WINDOWS (0aa1cc5178445f740b44ad82cc6ad083)] -> xpath: //button[normalize-space()='Customer Login']]
2023-05-22 22:05:868 INFO  CustomerLoginPage :27 - Select [[ChromeDriver: chrome on WINDOWS (0aa1cc5178445f740b44ad82cc6ad083)] -> xpath: //select[@id='userSelect']]
2023-05-22 22:05:976 INFO  CustomerLoginPage :31 - Click on [[ChromeDriver: chrome on WINDOWS (0aa1cc5178445f740b44ad82cc6ad083)] -> xpath: //button[@type='submit']]
2023-05-22 22:05:265 INFO  CustomersPage :28 - Click on [[ChromeDriver: chrome on WINDOWS (0aa1cc5178445f740b44ad82cc6ad083)] -> xpath: //button[normalize-space()='Deposit']]
2023-05-22 22:05:595 INFO  AccountPage :30 - Send text [[ChromeDriver: chrome on WINDOWS (0aa1cc5178445f740b44ad82cc6ad083)] -> xpath: //input[@placeholder='amount']]
2023-05-22 22:05:717 INFO  AccountPage :38 - Click on [[ChromeDriver: chrome on WINDOWS (0aa1cc5178445f740b44ad82cc6ad083)] -> xpath: //button[@type='submit']]
2023-05-22 22:05:753 INFO  AccountPage :33 - Get text [[ChromeDriver: chrome on WINDOWS (0aa1cc5178445f740b44ad82cc6ad083)] -> xpath: //span[@class='error ng-binding']]
2023-05-22 22:05:967 INFO  ManageBrowser :28 - Opening browser Chrome 
2023-05-22 22:05:438 INFO  BankManagerLoginPage :39 - Click on [[ChromeDriver: chrome on WINDOWS (6c36d6e8ca345d63ad6b0607dcd6a586)] -> xpath: //button[normalize-space()='Customer Login']]
2023-05-22 22:05:835 INFO  CustomerLoginPage :27 - Select [[ChromeDriver: chrome on WINDOWS (6c36d6e8ca345d63ad6b0607dcd6a586)] -> xpath: //select[@id='userSelect']]
2023-05-22 22:05:164 INFO  CustomerLoginPage :31 - Click on [[ChromeDriver: chrome on WINDOWS (6c36d6e8ca345d63ad6b0607dcd6a586)] -> xpath: //button[@type='submit']]
2023-05-22 22:05:460 INFO  CustomersPage :32 - Click on [[ChromeDriver: chrome on WINDOWS (6c36d6e8ca345d63ad6b0607dcd6a586)] -> xpath: //button[normalize-space()='Withdrawl']]
2023-05-22 22:05:799 INFO  AccountPage :30 - Send text [[ChromeDriver: chrome on WINDOWS (6c36d6e8ca345d63ad6b0607dcd6a586)] -> xpath: //input[@placeholder='amount']]
2023-05-22 22:05:902 INFO  AccountPage :38 - Click on [[ChromeDriver: chrome on WINDOWS (6c36d6e8ca345d63ad6b0607dcd6a586)] -> xpath: //button[@type='submit']]
2023-05-22 22:05:979 INFO  AccountPage :33 - Get text [[ChromeDriver: chrome on WINDOWS (6c36d6e8ca345d63ad6b0607dcd6a586)] -> xpath: //span[@class='error ng-binding']]
2023-05-22 22:05:378 INFO  ManageBrowser :28 - Opening browser Chrome 
2023-05-22 22:05:61 INFO  HomePage :21 - Click on [[ChromeDriver: chrome on WINDOWS (c54fbe1933788b0dc8e93830afdb35e8)] -> xpath: //button[contains(text(),'Bank Manager Login')]]
2023-05-22 22:05:430 INFO  BankManagerLoginPage :31 - Click on [[ChromeDriver: chrome on WINDOWS (c54fbe1933788b0dc8e93830afdb35e8)] -> xpath: //body/div[3]/div[1]/div[2]/div[1]/div[1]/button[1]]
2023-05-22 22:05:851 INFO  AddCustomerPage :32 - Send text [[ChromeDriver: chrome on WINDOWS (c54fbe1933788b0dc8e93830afdb35e8)] -> xpath: //body/div[3]/div[1]/div[2]/div[1]/div[2]/div[1]/div[1]/form[1]/div[1]/input[1]]
2023-05-22 22:05:80 INFO  AddCustomerPage :36 - Send text [[ChromeDriver: chrome on WINDOWS (c54fbe1933788b0dc8e93830afdb35e8)] -> xpath: //body/div[3]/div[1]/div[2]/div[1]/div[2]/div[1]/div[1]/form[1]/div[2]/input[1]]
2023-05-22 22:05:256 INFO  AddCustomerPage :40 - Send text E13DS
2023-05-22 22:05:419 INFO  AddCustomerPage :44 - Click on [[ChromeDriver: chrome on WINDOWS (c54fbe1933788b0dc8e93830afdb35e8)] -> xpath: //button[@type='submit']]
2023-05-22 22:05:461 INFO  AddCustomerPage :48 - Accept alert
2023-05-22 22:05:782 INFO  ManageBrowser :28 - Opening browser Chrome 
2023-05-22 22:05:873 INFO  HomePage :21 - Click on [[ChromeDriver: chrome on WINDOWS (9174cff09e0578ccb072bee869520c76)] -> xpath: //button[contains(text(),'Bank Manager Login')]]
2023-05-22 22:05:127 INFO  BankManagerLoginPage :35 - Click on [[ChromeDriver: chrome on WINDOWS (9174cff09e0578ccb072bee869520c76)] -> xpath: //button[normalize-space()='Open Account']]
2023-05-22 22:05:674 INFO  OpenAccountPage :27 - Select [[ChromeDriver: chrome on WINDOWS (9174cff09e0578ccb072bee869520c76)] -> xpath: //select[@id='userSelect']]
2023-05-22 22:05:839 INFO  OpenAccountPage :31 - Select [[ChromeDriver: chrome on WINDOWS (9174cff09e0578ccb072bee869520c76)] -> xpath: //select[@id='currency']]
2023-05-22 22:05:961 INFO  OpenAccountPage :35 - Click on [[ChromeDriver: chrome on WINDOWS (9174cff09e0578ccb072bee869520c76)] -> xpath: //button[@type='submit']]
2023-05-22 22:05:199 INFO  ManageBrowser :28 - Opening browser Chrome 
2023-05-22 22:05:416 INFO  BankManagerLoginPage :39 - Click on [[ChromeDriver: chrome on WINDOWS (7a04814b7600271e7f8861937cb384ea)] -> xpath: //button[normalize-space()='Customer Login']]
2023-05-22 22:05:760 INFO  CustomerLoginPage :27 - Select [[ChromeDriver: chrome on WINDOWS (7a04814b7600271e7f8861937cb384ea)] -> xpath: //select[@id='userSelect']]
2023-05-22 22:05:35 INFO  CustomerLoginPage :31 - Click on [[ChromeDriver: chrome on WINDOWS (7a04814b7600271e7f8861937cb384ea)] -> xpath: //button[@type='submit']]
2023-05-22 22:05:42 INFO  CustomersPage :35 - Logout button displayed
2023-05-22 22:05:446 INFO  CustomersPage :45 - Click on [[ChromeDriver: chrome on WINDOWS (7a04814b7600271e7f8861937cb384ea)] -> xpath: //button[@class='btn logout']]
2023-05-22 22:05:481 INFO  CustomerLoginPage :34 - Get text [[ChromeDriver: chrome on WINDOWS (7a04814b7600271e7f8861937cb384ea)] -> xpath: //label[normalize-space()='Your Name :']]
2023-05-22 22:05:655 INFO  ManageBrowser :28 - Opening browser Chrome 
2023-05-22 22:05:75 INFO  BankManagerLoginPage :39 - Click on [[ChromeDriver: chrome on WINDOWS (d75be724ead127549eb1dfe7f8b1a035)] -> xpath: //button[normalize-space()='Customer Login']]
2023-05-22 22:05:676 INFO  CustomerLoginPage :27 - Select [[ChromeDriver: chrome on WINDOWS (d75be724ead127549eb1dfe7f8b1a035)] -> xpath: //select[@id='userSelect']]
2023-05-22 22:05:805 INFO  CustomerLoginPage :31 - Click on [[ChromeDriver: chrome on WINDOWS (d75be724ead127549eb1dfe7f8b1a035)] -> xpath: //button[@type='submit']]
2023-05-22 22:05:108 INFO  CustomersPage :28 - Click on [[ChromeDriver: chrome on WINDOWS (d75be724ead127549eb1dfe7f8b1a035)] -> xpath: //button[normalize-space()='Deposit']]
2023-05-22 22:05:494 INFO  AccountPage :30 - Send text [[ChromeDriver: chrome on WINDOWS (d75be724ead127549eb1dfe7f8b1a035)] -> xpath: //input[@placeholder='amount']]
2023-05-22 22:05:601 INFO  AccountPage :38 - Click on [[ChromeDriver: chrome on WINDOWS (d75be724ead127549eb1dfe7f8b1a035)] -> xpath: //button[@type='submit']]
2023-05-22 22:05:634 INFO  AccountPage :33 - Get text [[ChromeDriver: chrome on WINDOWS (d75be724ead127549eb1dfe7f8b1a035)] -> xpath: //span[@class='error ng-binding']]
2023-05-22 22:05:836 INFO  ManageBrowser :28 - Opening browser Chrome 
2023-05-22 22:05:904 INFO  BankManagerLoginPage :39 - Click on [[ChromeDriver: chrome on WINDOWS (b559148ab573d4506f8a16f98589371d)] -> xpath: //button[normalize-space()='Customer Login']]
2023-05-22 22:05:301 INFO  CustomerLoginPage :27 - Select [[ChromeDriver: chrome on WINDOWS (b559148ab573d4506f8a16f98589371d)] -> xpath: //select[@id='userSelect']]
2023-05-22 22:05:409 INFO  CustomerLoginPage :31 - Click on [[ChromeDriver: chrome on WINDOWS (b559148ab573d4506f8a16f98589371d)] -> xpath: //button[@type='submit']]
2023-05-22 22:05:719 INFO  CustomersPage :32 - Click on [[ChromeDriver: chrome on WINDOWS (b559148ab573d4506f8a16f98589371d)] -> xpath: //button[normalize-space()='Withdrawl']]
2023-05-22 22:05:42 INFO  AccountPage :30 - Send text [[ChromeDriver: chrome on WINDOWS (b559148ab573d4506f8a16f98589371d)] -> xpath: //input[@placeholder='amount']]
2023-05-22 22:05:149 INFO  AccountPage :38 - Click on [[ChromeDriver: chrome on WINDOWS (b559148ab573d4506f8a16f98589371d)] -> xpath: //button[@type='submit']]
2023-05-22 22:05:193 INFO  AccountPage :33 - Get text [[ChromeDriver: chrome on WINDOWS (b559148ab573d4506f8a16f98589371d)] -> xpath: //span[@class='error ng-binding']]
